<?xml version="1.0" encoding="UTF-8"?>
<testng-results skipped="0" failed="0" ignored="0" total="1" passed="1">
  <reporter-output>
  </reporter-output>
  <suite name="Yahoo App Automation Test" duration-ms="5063" started-at="2019-11-26T22:56:25Z" finished-at="2019-11-26T22:56:31Z">
    <groups>
    </groups>
    <test name="Yahoo App Test " duration-ms="5063" started-at="2019-11-26T22:56:25Z" finished-at="2019-11-26T22:56:31Z">
      <class name="com.parameter.ParameterTest">
        <test-method status="PASS" signature="yahooLoginTest(java.lang.String, java.lang.String, java.lang.String, java.lang.String)[pri:0, instance:com.parameter.ParameterTest@d2cc05a]" name="yahooLoginTest" duration-ms="5046" started-at="2019-11-26T22:56:26Z" finished-at="2019-11-26T22:56:31Z">
          <params>
            <param index="0">
              <value>
                <![CDATA[QA]]>
              </value>
            </param>
            <param index="1">
              <value>
                <![CDATA[firefox]]>
              </value>
            </param>
            <param index="2">
              <value>
                <![CDATA[https://login.yahoo.com/]]>
              </value>
            </param>
            <param index="3">
              <value>
                <![CDATA[test9066@yahoo.com]]>
              </value>
            </param>
          </params>
          <reporter-output>
          </reporter-output>
        </test-method> <!-- yahooLoginTest -->
      </class> <!-- com.parameter.ParameterTest -->
    </test> <!-- Yahoo App Test  -->
  </suite> <!-- Yahoo App Automation Test -->
</testng-results>
